2025-02-25 19:11:41 - TZR025 - INFO - Executing command: .venv/bin/west build -p always -b nucleo_f401re zephyr/TZR025
2025-02-25 19:11:45 - TZR025 - DEBUG - Command output:
-- west build: making build dir /home/abhishek/PycharmProjects/Zephyr_RTOS_Testing/Framework/Utils/zephyrproject/build pristine
-- west build: generating a build system
-- Application: /home/abhishek/PycharmProjects/Zephyr_RTOS_Testing/Framework/Utils/zephyrproject/zephyr/TZR025
-- CMake version: 3.22.1
-- Found Python3: /home/abhishek/PycharmProjects/Zephyr_RTOS_Testing/Framework/Utils/zephyrproject/.venv/bin/python3 (found suitable version "3.10.12", minimum required is "3.10") found components: Interpreter 
-- Cache files will be written to: /home/abhishek/.cache/zephyr
-- Zephyr version: 4.1.0-rc2 (/home/abhishek/PycharmProjects/Zephyr_RTOS_Testing/Framework/Utils/zephyrproject/zephyr)
-- Found west (found suitable version "1.3.0", minimum required is "0.14.0")
-- Board: nucleo_f401re, qualifiers: stm32f401xe
-- Found host-tools: zephyr 0.16.3 (/home/abhishek/Work/Zephyr/zephyr-sdk-0.16.3)
-- Found toolchain: zephyr 0.16.3 (/home/abhishek/Work/Zephyr/zephyr-sdk-0.16.3)
-- Found Dtc: /home/abhishek/Work/Zephyr/zephyr-sdk-0.16.3/sysroots/x86_64-pokysdk-linux/usr/bin/dtc (found suitable version "1.6.0", minimum required is "1.4.6") 
-- Found BOARD.dts: /home/abhishek/PycharmProjects/Zephyr_RTOS_Testing/Framework/Utils/zephyrproject/zephyr/boards/st/nucleo_f401re/nucleo_f401re.dts
-- Found devicetree overlay: /home/abhishek/PycharmProjects/Zephyr_RTOS_Testing/Framework/Utils/zephyrproject/zephyr/TZR025/nucleo_f401re.overlay
-- Configuring incomplete, errors occurred!

2025-02-25 19:11:45 - TZR025 - DEBUG - Command errors:
Loading Zephyr default modules (Zephyr base).
devicetree error: /home/abhishek/PycharmProjects/Zephyr_RTOS_Testing/Framework/Utils/zephyrproject/zephyr/TZR025/nucleo_f401re.overlay:1 (column 1): parse error: undefined node label 'tim2'
CMake Error at /home/abhishek/PycharmProjects/Zephyr_RTOS_Testing/Framework/Utils/zephyrproject/zephyr/cmake/modules/dts.cmake:303 (execute_process):
  execute_process failed command indexes:

    1: "Child return code: 1"

Call Stack (most recent call first):
  /home/abhishek/PycharmProjects/Zephyr_RTOS_Testing/Framework/Utils/zephyrproject/zephyr/cmake/modules/zephyr_default.cmake:133 (include)
  /home/abhishek/PycharmProjects/Zephyr_RTOS_Testing/Framework/Utils/zephyrproject/zephyr/share/zephyr-package/cmake/ZephyrConfig.cmake:66 (include)
  /home/abhishek/PycharmProjects/Zephyr_RTOS_Testing/Framework/Utils/zephyrproject/zephyr/share/zephyr-package/cmake/ZephyrConfig.cmake:92 (include_boilerplate)
  CMakeLists.txt:2 (find_package)


FATAL ERROR: command exited with status 1: /usr/bin/cmake -DWEST_PYTHON=/home/abhishek/PycharmProjects/Zephyr_RTOS_Testing/Framework/Utils/zephyrproject/.venv/bin/python3 -B/home/abhishek/PycharmProjects/Zephyr_RTOS_Testing/Framework/Utils/zephyrproject/build -GNinja -DBOARD=nucleo_f401re -S/home/abhishek/PycharmProjects/Zephyr_RTOS_Testing/Framework/Utils/zephyrproject/zephyr/TZR025

2025-02-25 19:11:45 - TZR025 - WARNING - Pattern not found. Retrying build once...
2025-02-25 19:11:45 - TZR025 - INFO - Executing command: .venv/bin/west build -p always -b nucleo_f401re zephyr/TZR025
2025-02-25 19:11:49 - TZR025 - DEBUG - Command output:
-- west build: making build dir /home/abhishek/PycharmProjects/Zephyr_RTOS_Testing/Framework/Utils/zephyrproject/build pristine
-- west build: generating a build system
-- Application: /home/abhishek/PycharmProjects/Zephyr_RTOS_Testing/Framework/Utils/zephyrproject/zephyr/TZR025
-- CMake version: 3.22.1
-- Found Python3: /home/abhishek/PycharmProjects/Zephyr_RTOS_Testing/Framework/Utils/zephyrproject/.venv/bin/python3 (found suitable version "3.10.12", minimum required is "3.10") found components: Interpreter 
-- Cache files will be written to: /home/abhishek/.cache/zephyr
-- Zephyr version: 4.1.0-rc2 (/home/abhishek/PycharmProjects/Zephyr_RTOS_Testing/Framework/Utils/zephyrproject/zephyr)
-- Found west (found suitable version "1.3.0", minimum required is "0.14.0")
-- Board: nucleo_f401re, qualifiers: stm32f401xe
-- Found host-tools: zephyr 0.16.3 (/home/abhishek/Work/Zephyr/zephyr-sdk-0.16.3)
-- Found toolchain: zephyr 0.16.3 (/home/abhishek/Work/Zephyr/zephyr-sdk-0.16.3)
-- Found Dtc: /home/abhishek/Work/Zephyr/zephyr-sdk-0.16.3/sysroots/x86_64-pokysdk-linux/usr/bin/dtc (found suitable version "1.6.0", minimum required is "1.4.6") 
-- Found BOARD.dts: /home/abhishek/PycharmProjects/Zephyr_RTOS_Testing/Framework/Utils/zephyrproject/zephyr/boards/st/nucleo_f401re/nucleo_f401re.dts
-- Found devicetree overlay: /home/abhishek/PycharmProjects/Zephyr_RTOS_Testing/Framework/Utils/zephyrproject/zephyr/TZR025/nucleo_f401re.overlay
-- Configuring incomplete, errors occurred!

2025-02-25 19:11:49 - TZR025 - DEBUG - Command errors:
Loading Zephyr default modules (Zephyr base).
devicetree error: /home/abhishek/PycharmProjects/Zephyr_RTOS_Testing/Framework/Utils/zephyrproject/zephyr/TZR025/nucleo_f401re.overlay:1 (column 1): parse error: undefined node label 'tim2'
CMake Error at /home/abhishek/PycharmProjects/Zephyr_RTOS_Testing/Framework/Utils/zephyrproject/zephyr/cmake/modules/dts.cmake:303 (execute_process):
  execute_process failed command indexes:

    1: "Child return code: 1"

Call Stack (most recent call first):
  /home/abhishek/PycharmProjects/Zephyr_RTOS_Testing/Framework/Utils/zephyrproject/zephyr/cmake/modules/zephyr_default.cmake:133 (include)
  /home/abhishek/PycharmProjects/Zephyr_RTOS_Testing/Framework/Utils/zephyrproject/zephyr/share/zephyr-package/cmake/ZephyrConfig.cmake:66 (include)
  /home/abhishek/PycharmProjects/Zephyr_RTOS_Testing/Framework/Utils/zephyrproject/zephyr/share/zephyr-package/cmake/ZephyrConfig.cmake:92 (include_boilerplate)
  CMakeLists.txt:2 (find_package)


FATAL ERROR: command exited with status 1: /usr/bin/cmake -DWEST_PYTHON=/home/abhishek/PycharmProjects/Zephyr_RTOS_Testing/Framework/Utils/zephyrproject/.venv/bin/python3 -B/home/abhishek/PycharmProjects/Zephyr_RTOS_Testing/Framework/Utils/zephyrproject/build -GNinja -DBOARD=nucleo_f401re -S/home/abhishek/PycharmProjects/Zephyr_RTOS_Testing/Framework/Utils/zephyrproject/zephyr/TZR025

2025-02-25 19:11:49 - TZR025 - ERROR - Build process failed after retry.
2025-02-25 19:11:54 - TZR025 - INFO - Executing command: st-flash --connect-under-reset write build/zephyr/zephyr.bin 0x08000000
2025-02-25 19:11:54 - TZR025 - DEBUG - Command output:
st-flash 1.7.0
stlink_fwrite_flash() == -1

2025-02-25 19:11:54 - TZR025 - DEBUG - Command errors:
2025-02-25T19:11:54 INFO common.c: F4xx (Dynamic Efficency): 96 KiB SRAM, 512 KiB flash in at least 16 KiB pages.
open(build/zephyr/zephyr.bin) == -1
2025-02-25T19:11:54 ERROR common.c: map_file() == -1

2025-02-25 19:11:59 - TZR025 - INFO - [INFO] Serial port /dev/ttyACM4 configured with baud rate 115200.
2025-02-25 19:11:59 - TZR025 - INFO - [INFO] Starting serial data collection...
2025-02-25 19:11:59 - TZR025 - INFO - [INFO] Serial reading started...
2025-02-25 19:11:59 - TZR025 - INFO - Board reset status OK
2025-02-25 19:12:09 - TZR025 - INFO - [INFO] Stopping serial data collection...
2025-02-25 19:12:09 - TZR025 - INFO - [INFO] Closing serial reader.
2025-02-25 19:12:09 - TZR025 - INFO - [INFO] Data saved to: Tests/Outputs/Output_files/TZR025.txt
2025-02-25 19:12:09 - TZR025 - INFO - Executing test_case_25
2025-02-25 19:12:09 - TZR025 - INFO - Cleaning up for TZR025
2025-02-26 10:09:40 - TZR025 - INFO - Executing command: .venv/bin/west build -p always -b nucleo_f401re zephyr/TZR025
2025-02-26 10:09:44 - TZR025 - DEBUG - Command output:
-- west build: making build dir /home/abhishek/PycharmProjects/Zephyr_RTOS_Testing/Framework/Utils/zephyrproject/build pristine
-- west build: generating a build system
-- Application: /home/abhishek/PycharmProjects/Zephyr_RTOS_Testing/Framework/Utils/zephyrproject/zephyr/TZR025
-- CMake version: 3.22.1
-- Found Python3: /home/abhishek/PycharmProjects/Zephyr_RTOS_Testing/Framework/Utils/zephyrproject/.venv/bin/python3 (found suitable version "3.10.12", minimum required is "3.10") found components: Interpreter 
-- Cache files will be written to: /home/abhishek/.cache/zephyr
-- Zephyr version: 4.1.0-rc2 (/home/abhishek/PycharmProjects/Zephyr_RTOS_Testing/Framework/Utils/zephyrproject/zephyr)
-- Found west (found suitable version "1.3.0", minimum required is "0.14.0")
-- Board: nucleo_f401re, qualifiers: stm32f401xe
-- Found host-tools: zephyr 0.16.3 (/home/abhishek/Work/Zephyr/zephyr-sdk-0.16.3)
-- Found toolchain: zephyr 0.16.3 (/home/abhishek/Work/Zephyr/zephyr-sdk-0.16.3)
-- Found Dtc: /home/abhishek/Work/Zephyr/zephyr-sdk-0.16.3/sysroots/x86_64-pokysdk-linux/usr/bin/dtc (found suitable version "1.6.0", minimum required is "1.4.6") 
-- Found BOARD.dts: /home/abhishek/PycharmProjects/Zephyr_RTOS_Testing/Framework/Utils/zephyrproject/zephyr/boards/st/nucleo_f401re/nucleo_f401re.dts
-- Found devicetree overlay: /home/abhishek/PycharmProjects/Zephyr_RTOS_Testing/Framework/Utils/zephyrproject/zephyr/TZR025/nucleo_f401re.overlay
-- Configuring incomplete, errors occurred!

2025-02-26 10:09:44 - TZR025 - DEBUG - Command errors:
Loading Zephyr default modules (Zephyr base).
devicetree error: /home/abhishek/PycharmProjects/Zephyr_RTOS_Testing/Framework/Utils/zephyrproject/zephyr/TZR025/nucleo_f401re.overlay:1 (column 1): parse error: undefined node label 'tim2'
CMake Error at /home/abhishek/PycharmProjects/Zephyr_RTOS_Testing/Framework/Utils/zephyrproject/zephyr/cmake/modules/dts.cmake:303 (execute_process):
  execute_process failed command indexes:

    1: "Child return code: 1"

Call Stack (most recent call first):
  /home/abhishek/PycharmProjects/Zephyr_RTOS_Testing/Framework/Utils/zephyrproject/zephyr/cmake/modules/zephyr_default.cmake:133 (include)
  /home/abhishek/PycharmProjects/Zephyr_RTOS_Testing/Framework/Utils/zephyrproject/zephyr/share/zephyr-package/cmake/ZephyrConfig.cmake:66 (include)
  /home/abhishek/PycharmProjects/Zephyr_RTOS_Testing/Framework/Utils/zephyrproject/zephyr/share/zephyr-package/cmake/ZephyrConfig.cmake:92 (include_boilerplate)
  CMakeLists.txt:2 (find_package)


FATAL ERROR: command exited with status 1: /usr/bin/cmake -DWEST_PYTHON=/home/abhishek/PycharmProjects/Zephyr_RTOS_Testing/Framework/Utils/zephyrproject/.venv/bin/python3 -B/home/abhishek/PycharmProjects/Zephyr_RTOS_Testing/Framework/Utils/zephyrproject/build -GNinja -DBOARD=nucleo_f401re -S/home/abhishek/PycharmProjects/Zephyr_RTOS_Testing/Framework/Utils/zephyrproject/zephyr/TZR025

2025-02-26 10:09:44 - TZR025 - WARNING - Pattern not found. Retrying build once...
2025-02-26 10:09:44 - TZR025 - INFO - Executing command: .venv/bin/west build -p always -b nucleo_f401re zephyr/TZR025
2025-02-26 10:09:48 - TZR025 - DEBUG - Command output:
-- west build: making build dir /home/abhishek/PycharmProjects/Zephyr_RTOS_Testing/Framework/Utils/zephyrproject/build pristine
-- west build: generating a build system
-- Application: /home/abhishek/PycharmProjects/Zephyr_RTOS_Testing/Framework/Utils/zephyrproject/zephyr/TZR025
-- CMake version: 3.22.1
-- Found Python3: /home/abhishek/PycharmProjects/Zephyr_RTOS_Testing/Framework/Utils/zephyrproject/.venv/bin/python3 (found suitable version "3.10.12", minimum required is "3.10") found components: Interpreter 
-- Cache files will be written to: /home/abhishek/.cache/zephyr
-- Zephyr version: 4.1.0-rc2 (/home/abhishek/PycharmProjects/Zephyr_RTOS_Testing/Framework/Utils/zephyrproject/zephyr)
-- Found west (found suitable version "1.3.0", minimum required is "0.14.0")
-- Board: nucleo_f401re, qualifiers: stm32f401xe
-- Found host-tools: zephyr 0.16.3 (/home/abhishek/Work/Zephyr/zephyr-sdk-0.16.3)
-- Found toolchain: zephyr 0.16.3 (/home/abhishek/Work/Zephyr/zephyr-sdk-0.16.3)
-- Found Dtc: /home/abhishek/Work/Zephyr/zephyr-sdk-0.16.3/sysroots/x86_64-pokysdk-linux/usr/bin/dtc (found suitable version "1.6.0", minimum required is "1.4.6") 
-- Found BOARD.dts: /home/abhishek/PycharmProjects/Zephyr_RTOS_Testing/Framework/Utils/zephyrproject/zephyr/boards/st/nucleo_f401re/nucleo_f401re.dts
-- Found devicetree overlay: /home/abhishek/PycharmProjects/Zephyr_RTOS_Testing/Framework/Utils/zephyrproject/zephyr/TZR025/nucleo_f401re.overlay
-- Configuring incomplete, errors occurred!

2025-02-26 10:09:48 - TZR025 - DEBUG - Command errors:
Loading Zephyr default modules (Zephyr base).
devicetree error: /home/abhishek/PycharmProjects/Zephyr_RTOS_Testing/Framework/Utils/zephyrproject/zephyr/TZR025/nucleo_f401re.overlay:1 (column 1): parse error: undefined node label 'tim2'
CMake Error at /home/abhishek/PycharmProjects/Zephyr_RTOS_Testing/Framework/Utils/zephyrproject/zephyr/cmake/modules/dts.cmake:303 (execute_process):
  execute_process failed command indexes:

    1: "Child return code: 1"

Call Stack (most recent call first):
  /home/abhishek/PycharmProjects/Zephyr_RTOS_Testing/Framework/Utils/zephyrproject/zephyr/cmake/modules/zephyr_default.cmake:133 (include)
  /home/abhishek/PycharmProjects/Zephyr_RTOS_Testing/Framework/Utils/zephyrproject/zephyr/share/zephyr-package/cmake/ZephyrConfig.cmake:66 (include)
  /home/abhishek/PycharmProjects/Zephyr_RTOS_Testing/Framework/Utils/zephyrproject/zephyr/share/zephyr-package/cmake/ZephyrConfig.cmake:92 (include_boilerplate)
  CMakeLists.txt:2 (find_package)


FATAL ERROR: command exited with status 1: /usr/bin/cmake -DWEST_PYTHON=/home/abhishek/PycharmProjects/Zephyr_RTOS_Testing/Framework/Utils/zephyrproject/.venv/bin/python3 -B/home/abhishek/PycharmProjects/Zephyr_RTOS_Testing/Framework/Utils/zephyrproject/build -GNinja -DBOARD=nucleo_f401re -S/home/abhishek/PycharmProjects/Zephyr_RTOS_Testing/Framework/Utils/zephyrproject/zephyr/TZR025

2025-02-26 10:09:48 - TZR025 - ERROR - Build process failed after retry.
2025-02-26 10:09:53 - TZR025 - INFO - Executing command: st-flash --connect-under-reset write build/zephyr/zephyr.bin 0x08000000
2025-02-26 10:09:53 - TZR025 - DEBUG - Command output:
st-flash 1.7.0
stlink_fwrite_flash() == -1

2025-02-26 10:09:53 - TZR025 - DEBUG - Command errors:
2025-02-26T10:09:53 INFO common.c: F4xx (Dynamic Efficency): 96 KiB SRAM, 512 KiB flash in at least 16 KiB pages.
open(build/zephyr/zephyr.bin) == -1
2025-02-26T10:09:53 ERROR common.c: map_file() == -1

2025-02-26 10:09:58 - TZR025 - ERROR - [ERROR] Serial port /dev/ttyACM4 not found.
2025-02-26 10:09:58 - TZR025 - INFO - [INFO] Starting serial data collection...
2025-02-26 10:09:58 - TZR025 - ERROR - [ERROR] Serial port /dev/ttyACM4 not found.
2025-02-26 10:09:58 - TZR025 - INFO - [INFO] Closing serial reader.
2025-02-26 10:09:58 - TZR025 - INFO - Board reset status OK
2025-02-26 10:10:08 - TZR025 - INFO - [INFO] Stopping serial data collection...
2025-02-26 10:10:08 - TZR025 - INFO - [INFO] Data saved to: Tests/Outputs/Output_files/TZR025.txt
2025-02-26 10:10:08 - TZR025 - INFO - Executing test_case_25
2025-02-26 10:10:08 - TZR025 - INFO - Cleaning up for TZR025
2025-02-26 10:40:56 - TZR025 - INFO - Executing command: .venv/bin/west build -p always -b nucleo_f401re zephyr/TZR025
2025-02-26 10:41:00 - TZR025 - DEBUG - Command output:
-- west build: making build dir /home/abhishek/PycharmProjects/Zephyr_RTOS_Testing/Framework/Utils/zephyrproject/build pristine
-- west build: generating a build system
-- Application: /home/abhishek/PycharmProjects/Zephyr_RTOS_Testing/Framework/Utils/zephyrproject/zephyr/TZR025
-- CMake version: 3.22.1
-- Found Python3: /home/abhishek/PycharmProjects/Zephyr_RTOS_Testing/Framework/Utils/zephyrproject/.venv/bin/python3 (found suitable version "3.10.12", minimum required is "3.10") found components: Interpreter 
-- Cache files will be written to: /home/abhishek/.cache/zephyr
-- Zephyr version: 4.1.0-rc2 (/home/abhishek/PycharmProjects/Zephyr_RTOS_Testing/Framework/Utils/zephyrproject/zephyr)
-- Found west (found suitable version "1.3.0", minimum required is "0.14.0")
-- Board: nucleo_f401re, qualifiers: stm32f401xe
-- Found host-tools: zephyr 0.16.3 (/home/abhishek/Work/Zephyr/zephyr-sdk-0.16.3)
-- Found toolchain: zephyr 0.16.3 (/home/abhishek/Work/Zephyr/zephyr-sdk-0.16.3)
-- Found Dtc: /home/abhishek/Work/Zephyr/zephyr-sdk-0.16.3/sysroots/x86_64-pokysdk-linux/usr/bin/dtc (found suitable version "1.6.0", minimum required is "1.4.6") 
-- Found BOARD.dts: /home/abhishek/PycharmProjects/Zephyr_RTOS_Testing/Framework/Utils/zephyrproject/zephyr/boards/st/nucleo_f401re/nucleo_f401re.dts
-- Found devicetree overlay: /home/abhishek/PycharmProjects/Zephyr_RTOS_Testing/Framework/Utils/zephyrproject/zephyr/TZR025/nucleo_f401re.overlay
-- Configuring incomplete, errors occurred!

2025-02-26 10:41:00 - TZR025 - DEBUG - Command errors:
Loading Zephyr default modules (Zephyr base).
devicetree error: /home/abhishek/PycharmProjects/Zephyr_RTOS_Testing/Framework/Utils/zephyrproject/zephyr/TZR025/nucleo_f401re.overlay:1 (column 1): parse error: undefined node label 'tim2'
CMake Error at /home/abhishek/PycharmProjects/Zephyr_RTOS_Testing/Framework/Utils/zephyrproject/zephyr/cmake/modules/dts.cmake:303 (execute_process):
  execute_process failed command indexes:

    1: "Child return code: 1"

Call Stack (most recent call first):
  /home/abhishek/PycharmProjects/Zephyr_RTOS_Testing/Framework/Utils/zephyrproject/zephyr/cmake/modules/zephyr_default.cmake:133 (include)
  /home/abhishek/PycharmProjects/Zephyr_RTOS_Testing/Framework/Utils/zephyrproject/zephyr/share/zephyr-package/cmake/ZephyrConfig.cmake:66 (include)
  /home/abhishek/PycharmProjects/Zephyr_RTOS_Testing/Framework/Utils/zephyrproject/zephyr/share/zephyr-package/cmake/ZephyrConfig.cmake:92 (include_boilerplate)
  CMakeLists.txt:2 (find_package)


FATAL ERROR: command exited with status 1: /usr/bin/cmake -DWEST_PYTHON=/home/abhishek/PycharmProjects/Zephyr_RTOS_Testing/Framework/Utils/zephyrproject/.venv/bin/python3 -B/home/abhishek/PycharmProjects/Zephyr_RTOS_Testing/Framework/Utils/zephyrproject/build -GNinja -DBOARD=nucleo_f401re -S/home/abhishek/PycharmProjects/Zephyr_RTOS_Testing/Framework/Utils/zephyrproject/zephyr/TZR025

2025-02-26 10:41:00 - TZR025 - WARNING - Pattern not found. Retrying build once...
2025-02-26 10:41:00 - TZR025 - INFO - Executing command: .venv/bin/west build -p always -b nucleo_f401re zephyr/TZR025
2025-02-26 10:41:04 - TZR025 - DEBUG - Command output:
-- west build: making build dir /home/abhishek/PycharmProjects/Zephyr_RTOS_Testing/Framework/Utils/zephyrproject/build pristine
-- west build: generating a build system
-- Application: /home/abhishek/PycharmProjects/Zephyr_RTOS_Testing/Framework/Utils/zephyrproject/zephyr/TZR025
-- CMake version: 3.22.1
-- Found Python3: /home/abhishek/PycharmProjects/Zephyr_RTOS_Testing/Framework/Utils/zephyrproject/.venv/bin/python3 (found suitable version "3.10.12", minimum required is "3.10") found components: Interpreter 
-- Cache files will be written to: /home/abhishek/.cache/zephyr
-- Zephyr version: 4.1.0-rc2 (/home/abhishek/PycharmProjects/Zephyr_RTOS_Testing/Framework/Utils/zephyrproject/zephyr)
-- Found west (found suitable version "1.3.0", minimum required is "0.14.0")
-- Board: nucleo_f401re, qualifiers: stm32f401xe
-- Found host-tools: zephyr 0.16.3 (/home/abhishek/Work/Zephyr/zephyr-sdk-0.16.3)
-- Found toolchain: zephyr 0.16.3 (/home/abhishek/Work/Zephyr/zephyr-sdk-0.16.3)
-- Found Dtc: /home/abhishek/Work/Zephyr/zephyr-sdk-0.16.3/sysroots/x86_64-pokysdk-linux/usr/bin/dtc (found suitable version "1.6.0", minimum required is "1.4.6") 
-- Found BOARD.dts: /home/abhishek/PycharmProjects/Zephyr_RTOS_Testing/Framework/Utils/zephyrproject/zephyr/boards/st/nucleo_f401re/nucleo_f401re.dts
-- Found devicetree overlay: /home/abhishek/PycharmProjects/Zephyr_RTOS_Testing/Framework/Utils/zephyrproject/zephyr/TZR025/nucleo_f401re.overlay
-- Configuring incomplete, errors occurred!

2025-02-26 10:41:04 - TZR025 - DEBUG - Command errors:
Loading Zephyr default modules (Zephyr base).
devicetree error: /home/abhishek/PycharmProjects/Zephyr_RTOS_Testing/Framework/Utils/zephyrproject/zephyr/TZR025/nucleo_f401re.overlay:1 (column 1): parse error: undefined node label 'tim2'
CMake Error at /home/abhishek/PycharmProjects/Zephyr_RTOS_Testing/Framework/Utils/zephyrproject/zephyr/cmake/modules/dts.cmake:303 (execute_process):
  execute_process failed command indexes:

    1: "Child return code: 1"

Call Stack (most recent call first):
  /home/abhishek/PycharmProjects/Zephyr_RTOS_Testing/Framework/Utils/zephyrproject/zephyr/cmake/modules/zephyr_default.cmake:133 (include)
  /home/abhishek/PycharmProjects/Zephyr_RTOS_Testing/Framework/Utils/zephyrproject/zephyr/share/zephyr-package/cmake/ZephyrConfig.cmake:66 (include)
  /home/abhishek/PycharmProjects/Zephyr_RTOS_Testing/Framework/Utils/zephyrproject/zephyr/share/zephyr-package/cmake/ZephyrConfig.cmake:92 (include_boilerplate)
  CMakeLists.txt:2 (find_package)


FATAL ERROR: command exited with status 1: /usr/bin/cmake -DWEST_PYTHON=/home/abhishek/PycharmProjects/Zephyr_RTOS_Testing/Framework/Utils/zephyrproject/.venv/bin/python3 -B/home/abhishek/PycharmProjects/Zephyr_RTOS_Testing/Framework/Utils/zephyrproject/build -GNinja -DBOARD=nucleo_f401re -S/home/abhishek/PycharmProjects/Zephyr_RTOS_Testing/Framework/Utils/zephyrproject/zephyr/TZR025

2025-02-26 10:41:04 - TZR025 - ERROR - Build process failed after retry.
2025-02-26 10:41:09 - TZR025 - INFO - Executing command: st-flash --connect-under-reset write build/zephyr/zephyr.bin 0x08000000
2025-02-26 10:41:09 - TZR025 - DEBUG - Command output:
st-flash 1.7.0
stlink_fwrite_flash() == -1

2025-02-26 10:41:09 - TZR025 - DEBUG - Command errors:
2025-02-26T10:41:09 INFO common.c: F4xx (Dynamic Efficency): 96 KiB SRAM, 512 KiB flash in at least 16 KiB pages.
open(build/zephyr/zephyr.bin) == -1
2025-02-26T10:41:09 ERROR common.c: map_file() == -1

2025-02-26 10:41:14 - TZR025 - ERROR - [ERROR] Serial port /dev/ttyACM4 not found.
2025-02-26 10:41:14 - TZR025 - INFO - [INFO] Starting serial data collection...
2025-02-26 10:41:14 - TZR025 - ERROR - [ERROR] Serial port /dev/ttyACM4 not found.
2025-02-26 10:41:14 - TZR025 - INFO - [INFO] Closing serial reader.
2025-02-26 10:41:14 - TZR025 - INFO - Board reset status OK
2025-02-26 10:41:24 - TZR025 - INFO - [INFO] Stopping serial data collection...
2025-02-26 10:41:24 - TZR025 - INFO - [INFO] Data saved to: Tests/Outputs/Output_files/TZR025.txt
2025-02-26 10:41:24 - TZR025 - INFO - Executing test_case_25
2025-02-26 10:41:24 - TZR025 - INFO - Cleaning up for TZR025
2025-02-26 17:06:01 - TZR025 - INFO - Executing command: .venv/bin/west build -p always -b nucleo_f401re zephyr/TZR025
2025-02-26 17:06:04 - TZR025 - DEBUG - Command output:
-- west build: making build dir /home/abhishek/PycharmProjects/Zephyr_RTOS_Testing/Framework/Utils/zephyrproject/build pristine
-- west build: generating a build system
-- Application: /home/abhishek/PycharmProjects/Zephyr_RTOS_Testing/Framework/Utils/zephyrproject/zephyr/TZR025
-- CMake version: 3.22.1
-- Found Python3: /home/abhishek/PycharmProjects/Zephyr_RTOS_Testing/Framework/Utils/zephyrproject/.venv/bin/python3 (found suitable version "3.10.12", minimum required is "3.10") found components: Interpreter 
-- Cache files will be written to: /home/abhishek/.cache/zephyr
-- Zephyr version: 4.1.0-rc2 (/home/abhishek/PycharmProjects/Zephyr_RTOS_Testing/Framework/Utils/zephyrproject/zephyr)
-- Found west (found suitable version "1.3.0", minimum required is "0.14.0")
-- Board: nucleo_f401re, qualifiers: stm32f401xe
-- Found host-tools: zephyr 0.16.3 (/home/abhishek/Work/Zephyr/zephyr-sdk-0.16.3)
-- Found toolchain: zephyr 0.16.3 (/home/abhishek/Work/Zephyr/zephyr-sdk-0.16.3)
-- Found Dtc: /home/abhishek/Work/Zephyr/zephyr-sdk-0.16.3/sysroots/x86_64-pokysdk-linux/usr/bin/dtc (found suitable version "1.6.0", minimum required is "1.4.6") 
-- Found BOARD.dts: /home/abhishek/PycharmProjects/Zephyr_RTOS_Testing/Framework/Utils/zephyrproject/zephyr/boards/st/nucleo_f401re/nucleo_f401re.dts
-- Found devicetree overlay: /home/abhishek/PycharmProjects/Zephyr_RTOS_Testing/Framework/Utils/zephyrproject/zephyr/TZR025/nucleo_f401re.overlay
-- Configuring incomplete, errors occurred!

2025-02-26 17:06:04 - TZR025 - DEBUG - Command errors:
Loading Zephyr default modules (Zephyr base).
devicetree error: /home/abhishek/PycharmProjects/Zephyr_RTOS_Testing/Framework/Utils/zephyrproject/zephyr/TZR025/nucleo_f401re.overlay:1 (column 1): parse error: undefined node label 'tim2'
CMake Error at /home/abhishek/PycharmProjects/Zephyr_RTOS_Testing/Framework/Utils/zephyrproject/zephyr/cmake/modules/dts.cmake:303 (execute_process):
  execute_process failed command indexes:

    1: "Child return code: 1"

Call Stack (most recent call first):
  /home/abhishek/PycharmProjects/Zephyr_RTOS_Testing/Framework/Utils/zephyrproject/zephyr/cmake/modules/zephyr_default.cmake:133 (include)
  /home/abhishek/PycharmProjects/Zephyr_RTOS_Testing/Framework/Utils/zephyrproject/zephyr/share/zephyr-package/cmake/ZephyrConfig.cmake:66 (include)
  /home/abhishek/PycharmProjects/Zephyr_RTOS_Testing/Framework/Utils/zephyrproject/zephyr/share/zephyr-package/cmake/ZephyrConfig.cmake:92 (include_boilerplate)
  CMakeLists.txt:2 (find_package)


FATAL ERROR: command exited with status 1: /usr/bin/cmake -DWEST_PYTHON=/home/abhishek/PycharmProjects/Zephyr_RTOS_Testing/Framework/Utils/zephyrproject/.venv/bin/python3 -B/home/abhishek/PycharmProjects/Zephyr_RTOS_Testing/Framework/Utils/zephyrproject/build -GNinja -DBOARD=nucleo_f401re -S/home/abhishek/PycharmProjects/Zephyr_RTOS_Testing/Framework/Utils/zephyrproject/zephyr/TZR025

2025-02-26 17:06:04 - TZR025 - WARNING - Pattern not found. Retrying build once...
2025-02-26 17:06:04 - TZR025 - INFO - Executing command: .venv/bin/west build -p always -b nucleo_f401re zephyr/TZR025
2025-02-26 17:06:08 - TZR025 - DEBUG - Command output:
-- west build: making build dir /home/abhishek/PycharmProjects/Zephyr_RTOS_Testing/Framework/Utils/zephyrproject/build pristine
-- west build: generating a build system
-- Application: /home/abhishek/PycharmProjects/Zephyr_RTOS_Testing/Framework/Utils/zephyrproject/zephyr/TZR025
-- CMake version: 3.22.1
-- Found Python3: /home/abhishek/PycharmProjects/Zephyr_RTOS_Testing/Framework/Utils/zephyrproject/.venv/bin/python3 (found suitable version "3.10.12", minimum required is "3.10") found components: Interpreter 
-- Cache files will be written to: /home/abhishek/.cache/zephyr
-- Zephyr version: 4.1.0-rc2 (/home/abhishek/PycharmProjects/Zephyr_RTOS_Testing/Framework/Utils/zephyrproject/zephyr)
-- Found west (found suitable version "1.3.0", minimum required is "0.14.0")
-- Board: nucleo_f401re, qualifiers: stm32f401xe
-- Found host-tools: zephyr 0.16.3 (/home/abhishek/Work/Zephyr/zephyr-sdk-0.16.3)
-- Found toolchain: zephyr 0.16.3 (/home/abhishek/Work/Zephyr/zephyr-sdk-0.16.3)
-- Found Dtc: /home/abhishek/Work/Zephyr/zephyr-sdk-0.16.3/sysroots/x86_64-pokysdk-linux/usr/bin/dtc (found suitable version "1.6.0", minimum required is "1.4.6") 
-- Found BOARD.dts: /home/abhishek/PycharmProjects/Zephyr_RTOS_Testing/Framework/Utils/zephyrproject/zephyr/boards/st/nucleo_f401re/nucleo_f401re.dts
-- Found devicetree overlay: /home/abhishek/PycharmProjects/Zephyr_RTOS_Testing/Framework/Utils/zephyrproject/zephyr/TZR025/nucleo_f401re.overlay
-- Configuring incomplete, errors occurred!

2025-02-26 17:06:08 - TZR025 - DEBUG - Command errors:
Loading Zephyr default modules (Zephyr base).
devicetree error: /home/abhishek/PycharmProjects/Zephyr_RTOS_Testing/Framework/Utils/zephyrproject/zephyr/TZR025/nucleo_f401re.overlay:1 (column 1): parse error: undefined node label 'tim2'
CMake Error at /home/abhishek/PycharmProjects/Zephyr_RTOS_Testing/Framework/Utils/zephyrproject/zephyr/cmake/modules/dts.cmake:303 (execute_process):
  execute_process failed command indexes:

    1: "Child return code: 1"

Call Stack (most recent call first):
  /home/abhishek/PycharmProjects/Zephyr_RTOS_Testing/Framework/Utils/zephyrproject/zephyr/cmake/modules/zephyr_default.cmake:133 (include)
  /home/abhishek/PycharmProjects/Zephyr_RTOS_Testing/Framework/Utils/zephyrproject/zephyr/share/zephyr-package/cmake/ZephyrConfig.cmake:66 (include)
  /home/abhishek/PycharmProjects/Zephyr_RTOS_Testing/Framework/Utils/zephyrproject/zephyr/share/zephyr-package/cmake/ZephyrConfig.cmake:92 (include_boilerplate)
  CMakeLists.txt:2 (find_package)


FATAL ERROR: command exited with status 1: /usr/bin/cmake -DWEST_PYTHON=/home/abhishek/PycharmProjects/Zephyr_RTOS_Testing/Framework/Utils/zephyrproject/.venv/bin/python3 -B/home/abhishek/PycharmProjects/Zephyr_RTOS_Testing/Framework/Utils/zephyrproject/build -GNinja -DBOARD=nucleo_f401re -S/home/abhishek/PycharmProjects/Zephyr_RTOS_Testing/Framework/Utils/zephyrproject/zephyr/TZR025

2025-02-26 17:06:08 - TZR025 - ERROR - Build process failed after retry.
2025-02-26 17:06:13 - TZR025 - INFO - Executing command: st-flash --connect-under-reset write build/zephyr/zephyr.bin 0x08000000
2025-02-26 17:06:13 - TZR025 - DEBUG - Command output:
st-flash 1.7.0
stlink_fwrite_flash() == -1

2025-02-26 17:06:13 - TZR025 - DEBUG - Command errors:
2025-02-26T17:06:13 INFO common.c: F4xx (Dynamic Efficency): 96 KiB SRAM, 512 KiB flash in at least 16 KiB pages.
open(build/zephyr/zephyr.bin) == -1
2025-02-26T17:06:13 ERROR common.c: map_file() == -1

2025-02-26 17:06:18 - TZR025 - INFO - [INFO] Serial port /dev/ttyACM0 configured with baud rate 115200.
2025-02-26 17:06:18 - TZR025 - INFO - [INFO] Starting serial data collection...
2025-02-26 17:06:18 - TZR025 - INFO - [INFO] Serial reading started...
2025-02-26 17:06:19 - TZR025 - INFO - Board reset status OK
2025-02-26 17:06:29 - TZR025 - INFO - [INFO] Stopping serial data collection...
2025-02-26 17:06:29 - TZR025 - INFO - [INFO] Closing serial reader.
2025-02-26 17:06:29 - TZR025 - INFO - [INFO] Data saved to: Tests/Outputs/Output_files/TZR025.txt
2025-02-26 17:06:29 - TZR025 - INFO - Reading output file: Tests/Outputs/Output_files/TZR025.txt
2025-02-26 17:06:29 - TZR025 - INFO - Output file read successfully.
2025-02-26 17:06:29 - TZR025 - INFO - Cleaning up for TZR025
2025-02-26 17:06:58 - TZR025 - INFO - Executing command: .venv/bin/west build -p always -b nucleo_f401re zephyr/TZR025
2025-02-26 17:07:02 - TZR025 - DEBUG - Command output:
-- west build: making build dir /home/abhishek/PycharmProjects/Zephyr_RTOS_Testing/Framework/Utils/zephyrproject/build pristine
-- west build: generating a build system
-- Application: /home/abhishek/PycharmProjects/Zephyr_RTOS_Testing/Framework/Utils/zephyrproject/zephyr/TZR025
-- CMake version: 3.22.1
-- Found Python3: /home/abhishek/PycharmProjects/Zephyr_RTOS_Testing/Framework/Utils/zephyrproject/.venv/bin/python3 (found suitable version "3.10.12", minimum required is "3.10") found components: Interpreter 
-- Cache files will be written to: /home/abhishek/.cache/zephyr
-- Zephyr version: 4.1.0-rc2 (/home/abhishek/PycharmProjects/Zephyr_RTOS_Testing/Framework/Utils/zephyrproject/zephyr)
-- Found west (found suitable version "1.3.0", minimum required is "0.14.0")
-- Board: nucleo_f401re, qualifiers: stm32f401xe
-- Found host-tools: zephyr 0.16.3 (/home/abhishek/Work/Zephyr/zephyr-sdk-0.16.3)
-- Found toolchain: zephyr 0.16.3 (/home/abhishek/Work/Zephyr/zephyr-sdk-0.16.3)
-- Found Dtc: /home/abhishek/Work/Zephyr/zephyr-sdk-0.16.3/sysroots/x86_64-pokysdk-linux/usr/bin/dtc (found suitable version "1.6.0", minimum required is "1.4.6") 
-- Found BOARD.dts: /home/abhishek/PycharmProjects/Zephyr_RTOS_Testing/Framework/Utils/zephyrproject/zephyr/boards/st/nucleo_f401re/nucleo_f401re.dts
-- Found devicetree overlay: /home/abhishek/PycharmProjects/Zephyr_RTOS_Testing/Framework/Utils/zephyrproject/zephyr/TZR025/nucleo_f401re.overlay
-- Configuring incomplete, errors occurred!

2025-02-26 17:07:02 - TZR025 - DEBUG - Command errors:
Loading Zephyr default modules (Zephyr base).
devicetree error: /home/abhishek/PycharmProjects/Zephyr_RTOS_Testing/Framework/Utils/zephyrproject/zephyr/TZR025/nucleo_f401re.overlay:1 (column 1): parse error: undefined node label 'tim2'
CMake Error at /home/abhishek/PycharmProjects/Zephyr_RTOS_Testing/Framework/Utils/zephyrproject/zephyr/cmake/modules/dts.cmake:303 (execute_process):
  execute_process failed command indexes:

    1: "Child return code: 1"

Call Stack (most recent call first):
  /home/abhishek/PycharmProjects/Zephyr_RTOS_Testing/Framework/Utils/zephyrproject/zephyr/cmake/modules/zephyr_default.cmake:133 (include)
  /home/abhishek/PycharmProjects/Zephyr_RTOS_Testing/Framework/Utils/zephyrproject/zephyr/share/zephyr-package/cmake/ZephyrConfig.cmake:66 (include)
  /home/abhishek/PycharmProjects/Zephyr_RTOS_Testing/Framework/Utils/zephyrproject/zephyr/share/zephyr-package/cmake/ZephyrConfig.cmake:92 (include_boilerplate)
  CMakeLists.txt:2 (find_package)


FATAL ERROR: command exited with status 1: /usr/bin/cmake -DWEST_PYTHON=/home/abhishek/PycharmProjects/Zephyr_RTOS_Testing/Framework/Utils/zephyrproject/.venv/bin/python3 -B/home/abhishek/PycharmProjects/Zephyr_RTOS_Testing/Framework/Utils/zephyrproject/build -GNinja -DBOARD=nucleo_f401re -S/home/abhishek/PycharmProjects/Zephyr_RTOS_Testing/Framework/Utils/zephyrproject/zephyr/TZR025

2025-02-26 17:07:02 - TZR025 - WARNING - Pattern not found. Retrying build once...
2025-02-26 17:07:02 - TZR025 - INFO - Executing command: .venv/bin/west build -p always -b nucleo_f401re zephyr/TZR025
2025-02-26 17:07:06 - TZR025 - DEBUG - Command output:
-- west build: making build dir /home/abhishek/PycharmProjects/Zephyr_RTOS_Testing/Framework/Utils/zephyrproject/build pristine
-- west build: generating a build system
-- Application: /home/abhishek/PycharmProjects/Zephyr_RTOS_Testing/Framework/Utils/zephyrproject/zephyr/TZR025
-- CMake version: 3.22.1
-- Found Python3: /home/abhishek/PycharmProjects/Zephyr_RTOS_Testing/Framework/Utils/zephyrproject/.venv/bin/python3 (found suitable version "3.10.12", minimum required is "3.10") found components: Interpreter 
-- Cache files will be written to: /home/abhishek/.cache/zephyr
-- Zephyr version: 4.1.0-rc2 (/home/abhishek/PycharmProjects/Zephyr_RTOS_Testing/Framework/Utils/zephyrproject/zephyr)
-- Found west (found suitable version "1.3.0", minimum required is "0.14.0")
-- Board: nucleo_f401re, qualifiers: stm32f401xe
-- Found host-tools: zephyr 0.16.3 (/home/abhishek/Work/Zephyr/zephyr-sdk-0.16.3)
-- Found toolchain: zephyr 0.16.3 (/home/abhishek/Work/Zephyr/zephyr-sdk-0.16.3)
-- Found Dtc: /home/abhishek/Work/Zephyr/zephyr-sdk-0.16.3/sysroots/x86_64-pokysdk-linux/usr/bin/dtc (found suitable version "1.6.0", minimum required is "1.4.6") 
-- Found BOARD.dts: /home/abhishek/PycharmProjects/Zephyr_RTOS_Testing/Framework/Utils/zephyrproject/zephyr/boards/st/nucleo_f401re/nucleo_f401re.dts
-- Found devicetree overlay: /home/abhishek/PycharmProjects/Zephyr_RTOS_Testing/Framework/Utils/zephyrproject/zephyr/TZR025/nucleo_f401re.overlay
-- Configuring incomplete, errors occurred!

2025-02-26 17:07:06 - TZR025 - DEBUG - Command errors:
Loading Zephyr default modules (Zephyr base).
devicetree error: /home/abhishek/PycharmProjects/Zephyr_RTOS_Testing/Framework/Utils/zephyrproject/zephyr/TZR025/nucleo_f401re.overlay:1 (column 1): parse error: undefined node label 'tim2'
CMake Error at /home/abhishek/PycharmProjects/Zephyr_RTOS_Testing/Framework/Utils/zephyrproject/zephyr/cmake/modules/dts.cmake:303 (execute_process):
  execute_process failed command indexes:

    1: "Child return code: 1"

Call Stack (most recent call first):
  /home/abhishek/PycharmProjects/Zephyr_RTOS_Testing/Framework/Utils/zephyrproject/zephyr/cmake/modules/zephyr_default.cmake:133 (include)
  /home/abhishek/PycharmProjects/Zephyr_RTOS_Testing/Framework/Utils/zephyrproject/zephyr/share/zephyr-package/cmake/ZephyrConfig.cmake:66 (include)
  /home/abhishek/PycharmProjects/Zephyr_RTOS_Testing/Framework/Utils/zephyrproject/zephyr/share/zephyr-package/cmake/ZephyrConfig.cmake:92 (include_boilerplate)
  CMakeLists.txt:2 (find_package)


FATAL ERROR: command exited with status 1: /usr/bin/cmake -DWEST_PYTHON=/home/abhishek/PycharmProjects/Zephyr_RTOS_Testing/Framework/Utils/zephyrproject/.venv/bin/python3 -B/home/abhishek/PycharmProjects/Zephyr_RTOS_Testing/Framework/Utils/zephyrproject/build -GNinja -DBOARD=nucleo_f401re -S/home/abhishek/PycharmProjects/Zephyr_RTOS_Testing/Framework/Utils/zephyrproject/zephyr/TZR025

2025-02-26 17:07:06 - TZR025 - ERROR - Build process failed after retry.
2025-02-26 17:07:11 - TZR025 - INFO - Executing command: st-flash --connect-under-reset write build/zephyr/zephyr.bin 0x08000000
2025-02-26 17:07:11 - TZR025 - DEBUG - Command output:
st-flash 1.7.0
stlink_fwrite_flash() == -1

2025-02-26 17:07:11 - TZR025 - DEBUG - Command errors:
2025-02-26T17:07:11 INFO common.c: F4xx (Dynamic Efficency): 96 KiB SRAM, 512 KiB flash in at least 16 KiB pages.
open(build/zephyr/zephyr.bin) == -1
2025-02-26T17:07:11 ERROR common.c: map_file() == -1

2025-02-26 17:07:16 - TZR025 - INFO - [INFO] Serial port /dev/ttyACM0 configured with baud rate 115200.
2025-02-26 17:07:16 - TZR025 - INFO - [INFO] Starting serial data collection...
2025-02-26 17:07:16 - TZR025 - INFO - [INFO] Serial reading started...
2025-02-26 17:07:16 - TZR025 - INFO - Board reset status OK
2025-02-26 17:07:26 - TZR025 - INFO - [INFO] Stopping serial data collection...
2025-02-26 17:07:26 - TZR025 - INFO - [INFO] Closing serial reader.
2025-02-26 17:07:26 - TZR025 - INFO - [INFO] Data saved to: Tests/Outputs/Output_files/TZR025.txt
2025-02-26 17:07:26 - TZR025 - INFO - Reading output file: Tests/Outputs/Output_files/TZR025.txt
2025-02-26 17:07:26 - TZR025 - INFO - Output file read successfully.
2025-02-26 17:07:26 - TZR025 - ERROR - No jitter data found in the output.
2025-02-26 17:07:26 - TZR025 - INFO - Cleaning up for TZR025
2025-02-26 17:12:35 - TZR025 - INFO - Executing command: .venv/bin/west build -p always -b nucleo_f401re zephyr/TZR025
2025-02-26 17:12:39 - TZR025 - DEBUG - Command output:
-- west build: making build dir /home/abhishek/PycharmProjects/Zephyr_RTOS_Testing/Framework/Utils/zephyrproject/build pristine
-- west build: generating a build system
-- Application: /home/abhishek/PycharmProjects/Zephyr_RTOS_Testing/Framework/Utils/zephyrproject/zephyr/TZR025
-- CMake version: 3.22.1
-- Found Python3: /home/abhishek/PycharmProjects/Zephyr_RTOS_Testing/Framework/Utils/zephyrproject/.venv/bin/python3 (found suitable version "3.10.12", minimum required is "3.10") found components: Interpreter 
-- Cache files will be written to: /home/abhishek/.cache/zephyr
-- Zephyr version: 4.1.0-rc2 (/home/abhishek/PycharmProjects/Zephyr_RTOS_Testing/Framework/Utils/zephyrproject/zephyr)
-- Found west (found suitable version "1.3.0", minimum required is "0.14.0")
-- Board: nucleo_f401re, qualifiers: stm32f401xe
-- Found host-tools: zephyr 0.16.3 (/home/abhishek/Work/Zephyr/zephyr-sdk-0.16.3)
-- Found toolchain: zephyr 0.16.3 (/home/abhishek/Work/Zephyr/zephyr-sdk-0.16.3)
-- Found Dtc: /home/abhishek/Work/Zephyr/zephyr-sdk-0.16.3/sysroots/x86_64-pokysdk-linux/usr/bin/dtc (found suitable version "1.6.0", minimum required is "1.4.6") 
-- Found BOARD.dts: /home/abhishek/PycharmProjects/Zephyr_RTOS_Testing/Framework/Utils/zephyrproject/zephyr/boards/st/nucleo_f401re/nucleo_f401re.dts
-- Found devicetree overlay: /home/abhishek/PycharmProjects/Zephyr_RTOS_Testing/Framework/Utils/zephyrproject/zephyr/TZR025/nucleo_f401re.overlay
-- Configuring incomplete, errors occurred!

2025-02-26 17:12:39 - TZR025 - DEBUG - Command errors:
Loading Zephyr default modules (Zephyr base).
devicetree error: /home/abhishek/PycharmProjects/Zephyr_RTOS_Testing/Framework/Utils/zephyrproject/zephyr/TZR025/nucleo_f401re.overlay:1 (column 1): parse error: undefined node label 'tim2'
CMake Error at /home/abhishek/PycharmProjects/Zephyr_RTOS_Testing/Framework/Utils/zephyrproject/zephyr/cmake/modules/dts.cmake:303 (execute_process):
  execute_process failed command indexes:

    1: "Child return code: 1"

Call Stack (most recent call first):
  /home/abhishek/PycharmProjects/Zephyr_RTOS_Testing/Framework/Utils/zephyrproject/zephyr/cmake/modules/zephyr_default.cmake:133 (include)
  /home/abhishek/PycharmProjects/Zephyr_RTOS_Testing/Framework/Utils/zephyrproject/zephyr/share/zephyr-package/cmake/ZephyrConfig.cmake:66 (include)
  /home/abhishek/PycharmProjects/Zephyr_RTOS_Testing/Framework/Utils/zephyrproject/zephyr/share/zephyr-package/cmake/ZephyrConfig.cmake:92 (include_boilerplate)
  CMakeLists.txt:2 (find_package)


FATAL ERROR: command exited with status 1: /usr/bin/cmake -DWEST_PYTHON=/home/abhishek/PycharmProjects/Zephyr_RTOS_Testing/Framework/Utils/zephyrproject/.venv/bin/python3 -B/home/abhishek/PycharmProjects/Zephyr_RTOS_Testing/Framework/Utils/zephyrproject/build -GNinja -DBOARD=nucleo_f401re -S/home/abhishek/PycharmProjects/Zephyr_RTOS_Testing/Framework/Utils/zephyrproject/zephyr/TZR025

2025-02-26 17:12:39 - TZR025 - WARNING - Pattern not found. Retrying build once...
2025-02-26 17:12:39 - TZR025 - INFO - Executing command: .venv/bin/west build -p always -b nucleo_f401re zephyr/TZR025
2025-02-26 17:12:43 - TZR025 - DEBUG - Command output:
-- west build: making build dir /home/abhishek/PycharmProjects/Zephyr_RTOS_Testing/Framework/Utils/zephyrproject/build pristine
-- west build: generating a build system
-- Application: /home/abhishek/PycharmProjects/Zephyr_RTOS_Testing/Framework/Utils/zephyrproject/zephyr/TZR025
-- CMake version: 3.22.1
-- Found Python3: /home/abhishek/PycharmProjects/Zephyr_RTOS_Testing/Framework/Utils/zephyrproject/.venv/bin/python3 (found suitable version "3.10.12", minimum required is "3.10") found components: Interpreter 
-- Cache files will be written to: /home/abhishek/.cache/zephyr
-- Zephyr version: 4.1.0-rc2 (/home/abhishek/PycharmProjects/Zephyr_RTOS_Testing/Framework/Utils/zephyrproject/zephyr)
-- Found west (found suitable version "1.3.0", minimum required is "0.14.0")
-- Board: nucleo_f401re, qualifiers: stm32f401xe
-- Found host-tools: zephyr 0.16.3 (/home/abhishek/Work/Zephyr/zephyr-sdk-0.16.3)
-- Found toolchain: zephyr 0.16.3 (/home/abhishek/Work/Zephyr/zephyr-sdk-0.16.3)
-- Found Dtc: /home/abhishek/Work/Zephyr/zephyr-sdk-0.16.3/sysroots/x86_64-pokysdk-linux/usr/bin/dtc (found suitable version "1.6.0", minimum required is "1.4.6") 
-- Found BOARD.dts: /home/abhishek/PycharmProjects/Zephyr_RTOS_Testing/Framework/Utils/zephyrproject/zephyr/boards/st/nucleo_f401re/nucleo_f401re.dts
-- Found devicetree overlay: /home/abhishek/PycharmProjects/Zephyr_RTOS_Testing/Framework/Utils/zephyrproject/zephyr/TZR025/nucleo_f401re.overlay
-- Configuring incomplete, errors occurred!

2025-02-26 17:12:43 - TZR025 - DEBUG - Command errors:
Loading Zephyr default modules (Zephyr base).
devicetree error: /home/abhishek/PycharmProjects/Zephyr_RTOS_Testing/Framework/Utils/zephyrproject/zephyr/TZR025/nucleo_f401re.overlay:1 (column 1): parse error: undefined node label 'tim2'
CMake Error at /home/abhishek/PycharmProjects/Zephyr_RTOS_Testing/Framework/Utils/zephyrproject/zephyr/cmake/modules/dts.cmake:303 (execute_process):
  execute_process failed command indexes:

    1: "Child return code: 1"

Call Stack (most recent call first):
  /home/abhishek/PycharmProjects/Zephyr_RTOS_Testing/Framework/Utils/zephyrproject/zephyr/cmake/modules/zephyr_default.cmake:133 (include)
  /home/abhishek/PycharmProjects/Zephyr_RTOS_Testing/Framework/Utils/zephyrproject/zephyr/share/zephyr-package/cmake/ZephyrConfig.cmake:66 (include)
  /home/abhishek/PycharmProjects/Zephyr_RTOS_Testing/Framework/Utils/zephyrproject/zephyr/share/zephyr-package/cmake/ZephyrConfig.cmake:92 (include_boilerplate)
  CMakeLists.txt:2 (find_package)


FATAL ERROR: command exited with status 1: /usr/bin/cmake -DWEST_PYTHON=/home/abhishek/PycharmProjects/Zephyr_RTOS_Testing/Framework/Utils/zephyrproject/.venv/bin/python3 -B/home/abhishek/PycharmProjects/Zephyr_RTOS_Testing/Framework/Utils/zephyrproject/build -GNinja -DBOARD=nucleo_f401re -S/home/abhishek/PycharmProjects/Zephyr_RTOS_Testing/Framework/Utils/zephyrproject/zephyr/TZR025

2025-02-26 17:12:43 - TZR025 - ERROR - Build process failed after retry.
2025-02-26 17:12:48 - TZR025 - INFO - Executing command: st-flash --connect-under-reset write build/zephyr/zephyr.bin 0x08000000
2025-02-26 17:12:48 - TZR025 - DEBUG - Command output:
st-flash 1.7.0
stlink_fwrite_flash() == -1

2025-02-26 17:12:48 - TZR025 - DEBUG - Command errors:
2025-02-26T17:12:48 INFO common.c: F4xx (Dynamic Efficency): 96 KiB SRAM, 512 KiB flash in at least 16 KiB pages.
open(build/zephyr/zephyr.bin) == -1
2025-02-26T17:12:48 ERROR common.c: map_file() == -1

2025-02-26 17:12:53 - TZR025 - INFO - [INFO] Serial port /dev/ttyACM0 configured with baud rate 115200.
2025-02-26 17:12:53 - TZR025 - INFO - [INFO] Starting serial data collection...
2025-02-26 17:12:53 - TZR025 - INFO - [INFO] Serial reading started...
2025-02-26 17:12:53 - TZR025 - INFO - Board reset status OK
2025-02-26 17:13:03 - TZR025 - INFO - [INFO] Stopping serial data collection...
2025-02-26 17:13:03 - TZR025 - INFO - [INFO] Closing serial reader.
2025-02-26 17:13:03 - TZR025 - INFO - [INFO] Data saved to: Tests/Outputs/Output_files/TZR025.txt
2025-02-26 17:13:03 - TZR025 - INFO - Reading output file: Tests/Outputs/Output_files/TZR025.txt
2025-02-26 17:13:03 - TZR025 - INFO - Output file read successfully.
2025-02-26 17:13:03 - TZR025 - INFO - High Load Task executed in 500088 cycles (Expected: 500000-501000 cycles)
2025-02-26 17:13:03 - TZR025 - INFO - Medium Load Task executed in 100088 cycles (Expected: 100000-101000 cycles)
2025-02-26 17:13:03 - TZR025 - INFO - Low Load Task executed in 50091 cycles (Expected: 50000-51000 cycles)
2025-02-26 17:13:03 - TZR025 - INFO - High Load Task executed in 500881 cycles (Expected: 500000-501000 cycles)
2025-02-26 17:13:03 - TZR025 - INFO - Medium Load Task executed in 100086 cycles (Expected: 100000-101000 cycles)
2025-02-26 17:13:03 - TZR025 - INFO - Low Load Task executed in 50086 cycles (Expected: 50000-51000 cycles)
2025-02-26 17:13:03 - TZR025 - INFO - High Load Task executed in 500881 cycles (Expected: 500000-501000 cycles)
2025-02-26 17:13:03 - TZR025 - INFO - Medium Load Task executed in 100086 cycles (Expected: 100000-101000 cycles)
2025-02-26 17:13:03 - TZR025 - INFO - Low Load Task executed in 50086 cycles (Expected: 50000-51000 cycles)
2025-02-26 17:13:03 - TZR025 - INFO - High Load Task executed in 500881 cycles (Expected: 500000-501000 cycles)
2025-02-26 17:13:03 - TZR025 - INFO - Medium Load Task executed in 100086 cycles (Expected: 100000-101000 cycles)
2025-02-26 17:13:03 - TZR025 - INFO - Low Load Task executed in 50086 cycles (Expected: 50000-51000 cycles)
2025-02-26 17:13:03 - TZR025 - INFO - High Load Task executed in 500880 cycles (Expected: 500000-501000 cycles)
2025-02-26 17:13:03 - TZR025 - INFO - Medium Load Task executed in 100086 cycles (Expected: 100000-101000 cycles)
2025-02-26 17:13:03 - TZR025 - INFO - Low Load Task executed in 50086 cycles (Expected: 50000-51000 cycles)
2025-02-26 17:13:03 - TZR025 - INFO - High Load Task executed in 500881 cycles (Expected: 500000-501000 cycles)
2025-02-26 17:13:03 - TZR025 - INFO - Medium Load Task executed in 100086 cycles (Expected: 100000-101000 cycles)
2025-02-26 17:13:03 - TZR025 - INFO - Low Load Task executed in 50086 cycles (Expected: 50000-51000 cycles)
2025-02-26 17:13:03 - TZR025 - INFO - High Load Task executed in 500881 cycles (Expected: 500000-501000 cycles)
2025-02-26 17:13:03 - TZR025 - INFO - Medium Load Task executed in 100086 cycles (Expected: 100000-101000 cycles)
2025-02-26 17:13:03 - TZR025 - INFO - Low Load Task executed in 50086 cycles (Expected: 50000-51000 cycles)
2025-02-26 17:13:03 - TZR025 - INFO - High Load Task executed in 500881 cycles (Expected: 500000-501000 cycles)
2025-02-26 17:13:03 - TZR025 - INFO - Medium Load Task executed in 100086 cycles (Expected: 100000-101000 cycles)
2025-02-26 17:13:03 - TZR025 - INFO - Low Load Task executed in 50086 cycles (Expected: 50000-51000 cycles)
2025-02-26 17:13:03 - TZR025 - INFO - High Load Task executed in 500880 cycles (Expected: 500000-501000 cycles)
2025-02-26 17:13:03 - TZR025 - INFO - Medium Load Task executed in 100086 cycles (Expected: 100000-101000 cycles)
2025-02-26 17:13:03 - TZR025 - INFO - Low Load Task executed in 50086 cycles (Expected: 50000-51000 cycles)
2025-02-26 17:13:03 - TZR025 - INFO - High Load Task executed in 500881 cycles (Expected: 500000-501000 cycles)
2025-02-26 17:13:03 - TZR025 - INFO - Medium Load Task executed in 100086 cycles (Expected: 100000-101000 cycles)
2025-02-26 17:13:03 - TZR025 - INFO - Low Load Task executed in 50086 cycles (Expected: 50000-51000 cycles)
2025-02-26 17:13:03 - TZR025 - INFO - High Load Task executed in 500881 cycles (Expected: 500000-501000 cycles)
2025-02-26 17:13:03 - TZR025 - INFO - Medium Load Task executed in 100086 cycles (Expected: 100000-101000 cycles)
2025-02-26 17:13:03 - TZR025 - INFO - Low Load Task executed in 50086 cycles (Expected: 50000-51000 cycles)
2025-02-26 17:13:03 - TZR025 - INFO - High Load Task executed in 500881 cycles (Expected: 500000-501000 cycles)
2025-02-26 17:13:03 - TZR025 - INFO - Medium Load Task executed in 100086 cycles (Expected: 100000-101000 cycles)
2025-02-26 17:13:03 - TZR025 - INFO - Low Load Task executed in 50086 cycles (Expected: 50000-51000 cycles)
2025-02-26 17:13:03 - TZR025 - INFO - High Load Task executed in 500880 cycles (Expected: 500000-501000 cycles)
2025-02-26 17:13:03 - TZR025 - INFO - Medium Load Task executed in 100086 cycles (Expected: 100000-101000 cycles)
2025-02-26 17:13:03 - TZR025 - INFO - Low Load Task executed in 50086 cycles (Expected: 50000-51000 cycles)
2025-02-26 17:13:03 - TZR025 - INFO - High Load Task executed in 500881 cycles (Expected: 500000-501000 cycles)
2025-02-26 17:13:03 - TZR025 - INFO - Medium Load Task executed in 100086 cycles (Expected: 100000-101000 cycles)
2025-02-26 17:13:03 - TZR025 - INFO - Low Load Task executed in 50086 cycles (Expected: 50000-51000 cycles)
2025-02-26 17:13:03 - TZR025 - INFO - High Load Task executed in 500881 cycles (Expected: 500000-501000 cycles)
2025-02-26 17:13:03 - TZR025 - INFO - Medium Load Task executed in 100086 cycles (Expected: 100000-101000 cycles)
2025-02-26 17:13:03 - TZR025 - INFO - Low Load Task executed in 50086 cycles (Expected: 50000-51000 cycles)
2025-02-26 17:13:03 - TZR025 - INFO - High Load Task executed in 500881 cycles (Expected: 500000-501000 cycles)
2025-02-26 17:13:03 - TZR025 - INFO - Medium Load Task executed in 100086 cycles (Expected: 100000-101000 cycles)
2025-02-26 17:13:03 - TZR025 - INFO - Low Load Task executed in 50086 cycles (Expected: 50000-51000 cycles)
2025-02-26 17:13:03 - TZR025 - INFO - High Load Task executed in 500880 cycles (Expected: 500000-501000 cycles)
2025-02-26 17:13:03 - TZR025 - INFO - Medium Load Task executed in 100086 cycles (Expected: 100000-101000 cycles)
2025-02-26 17:13:03 - TZR025 - INFO - Low Load Task executed in 50086 cycles (Expected: 50000-51000 cycles)
2025-02-26 17:13:03 - TZR025 - INFO - High Load Task executed in 500881 cycles (Expected: 500000-501000 cycles)
2025-02-26 17:13:03 - TZR025 - INFO - Medium Load Task executed in 100086 cycles (Expected: 100000-101000 cycles)
2025-02-26 17:13:03 - TZR025 - INFO - Low Load Task executed in 50086 cycles (Expected: 50000-51000 cycles)
2025-02-26 17:13:03 - TZR025 - INFO - High Load Task executed in 500881 cycles (Expected: 500000-501000 cycles)
2025-02-26 17:13:03 - TZR025 - INFO - Medium Load Task executed in 100086 cycles (Expected: 100000-101000 cycles)
2025-02-26 17:13:03 - TZR025 - INFO - Low Load Task executed in 50086 cycles (Expected: 50000-51000 cycles)
2025-02-26 17:13:03 - TZR025 - INFO - High Load Task executed in 500881 cycles (Expected: 500000-501000 cycles)
2025-02-26 17:13:03 - TZR025 - INFO - Medium Load Task executed in 100086 cycles (Expected: 100000-101000 cycles)
2025-02-26 17:13:03 - TZR025 - INFO - Low Load Task executed in 50086 cycles (Expected: 50000-51000 cycles)
2025-02-26 17:13:03 - TZR025 - INFO - Cleaning up for TZR025
2025-02-26 17:52:27 - TZR025 - INFO - Executing command: .venv/bin/west build -p always -b nucleo_f401re zephyr/TZR025
2025-02-26 17:52:31 - TZR025 - DEBUG - Command output:
-- west build: making build dir /home/abhishek/PycharmProjects/Zephyr_RTOS_Testing/Framework/Utils/zephyrproject/build pristine
-- west build: generating a build system
-- Application: /home/abhishek/PycharmProjects/Zephyr_RTOS_Testing/Framework/Utils/zephyrproject/zephyr/TZR025
-- CMake version: 3.22.1
-- Found Python3: /home/abhishek/PycharmProjects/Zephyr_RTOS_Testing/Framework/Utils/zephyrproject/.venv/bin/python3 (found suitable version "3.10.12", minimum required is "3.10") found components: Interpreter 
-- Cache files will be written to: /home/abhishek/.cache/zephyr
-- Zephyr version: 4.1.0-rc2 (/home/abhishek/PycharmProjects/Zephyr_RTOS_Testing/Framework/Utils/zephyrproject/zephyr)
-- Found west (found suitable version "1.3.0", minimum required is "0.14.0")
-- Board: nucleo_f401re, qualifiers: stm32f401xe
-- Found host-tools: zephyr 0.16.3 (/home/abhishek/Work/Zephyr/zephyr-sdk-0.16.3)
-- Found toolchain: zephyr 0.16.3 (/home/abhishek/Work/Zephyr/zephyr-sdk-0.16.3)
-- Found Dtc: /home/abhishek/Work/Zephyr/zephyr-sdk-0.16.3/sysroots/x86_64-pokysdk-linux/usr/bin/dtc (found suitable version "1.6.0", minimum required is "1.4.6") 
-- Found BOARD.dts: /home/abhishek/PycharmProjects/Zephyr_RTOS_Testing/Framework/Utils/zephyrproject/zephyr/boards/st/nucleo_f401re/nucleo_f401re.dts
-- Found devicetree overlay: /home/abhishek/PycharmProjects/Zephyr_RTOS_Testing/Framework/Utils/zephyrproject/zephyr/TZR025/nucleo_f401re.overlay
-- Configuring incomplete, errors occurred!

2025-02-26 17:52:31 - TZR025 - DEBUG - Command errors:
Loading Zephyr default modules (Zephyr base).
devicetree error: /home/abhishek/PycharmProjects/Zephyr_RTOS_Testing/Framework/Utils/zephyrproject/zephyr/TZR025/nucleo_f401re.overlay:1 (column 1): parse error: undefined node label 'tim2'
CMake Error at /home/abhishek/PycharmProjects/Zephyr_RTOS_Testing/Framework/Utils/zephyrproject/zephyr/cmake/modules/dts.cmake:303 (execute_process):
  execute_process failed command indexes:

    1: "Child return code: 1"

Call Stack (most recent call first):
  /home/abhishek/PycharmProjects/Zephyr_RTOS_Testing/Framework/Utils/zephyrproject/zephyr/cmake/modules/zephyr_default.cmake:133 (include)
  /home/abhishek/PycharmProjects/Zephyr_RTOS_Testing/Framework/Utils/zephyrproject/zephyr/share/zephyr-package/cmake/ZephyrConfig.cmake:66 (include)
  /home/abhishek/PycharmProjects/Zephyr_RTOS_Testing/Framework/Utils/zephyrproject/zephyr/share/zephyr-package/cmake/ZephyrConfig.cmake:92 (include_boilerplate)
  CMakeLists.txt:2 (find_package)


FATAL ERROR: command exited with status 1: /usr/bin/cmake -DWEST_PYTHON=/home/abhishek/PycharmProjects/Zephyr_RTOS_Testing/Framework/Utils/zephyrproject/.venv/bin/python3 -B/home/abhishek/PycharmProjects/Zephyr_RTOS_Testing/Framework/Utils/zephyrproject/build -GNinja -DBOARD=nucleo_f401re -S/home/abhishek/PycharmProjects/Zephyr_RTOS_Testing/Framework/Utils/zephyrproject/zephyr/TZR025

2025-02-26 17:52:31 - TZR025 - WARNING - Pattern not found. Retrying build once...
2025-02-26 17:52:31 - TZR025 - INFO - Executing command: .venv/bin/west build -p always -b nucleo_f401re zephyr/TZR025
2025-02-26 17:52:35 - TZR025 - DEBUG - Command output:
-- west build: making build dir /home/abhishek/PycharmProjects/Zephyr_RTOS_Testing/Framework/Utils/zephyrproject/build pristine
-- west build: generating a build system
-- Application: /home/abhishek/PycharmProjects/Zephyr_RTOS_Testing/Framework/Utils/zephyrproject/zephyr/TZR025
-- CMake version: 3.22.1
-- Found Python3: /home/abhishek/PycharmProjects/Zephyr_RTOS_Testing/Framework/Utils/zephyrproject/.venv/bin/python3 (found suitable version "3.10.12", minimum required is "3.10") found components: Interpreter 
-- Cache files will be written to: /home/abhishek/.cache/zephyr
-- Zephyr version: 4.1.0-rc2 (/home/abhishek/PycharmProjects/Zephyr_RTOS_Testing/Framework/Utils/zephyrproject/zephyr)
-- Found west (found suitable version "1.3.0", minimum required is "0.14.0")
-- Board: nucleo_f401re, qualifiers: stm32f401xe
-- Found host-tools: zephyr 0.16.3 (/home/abhishek/Work/Zephyr/zephyr-sdk-0.16.3)
-- Found toolchain: zephyr 0.16.3 (/home/abhishek/Work/Zephyr/zephyr-sdk-0.16.3)
-- Found Dtc: /home/abhishek/Work/Zephyr/zephyr-sdk-0.16.3/sysroots/x86_64-pokysdk-linux/usr/bin/dtc (found suitable version "1.6.0", minimum required is "1.4.6") 
-- Found BOARD.dts: /home/abhishek/PycharmProjects/Zephyr_RTOS_Testing/Framework/Utils/zephyrproject/zephyr/boards/st/nucleo_f401re/nucleo_f401re.dts
-- Found devicetree overlay: /home/abhishek/PycharmProjects/Zephyr_RTOS_Testing/Framework/Utils/zephyrproject/zephyr/TZR025/nucleo_f401re.overlay
-- Configuring incomplete, errors occurred!

2025-02-26 17:52:35 - TZR025 - DEBUG - Command errors:
Loading Zephyr default modules (Zephyr base).
devicetree error: /home/abhishek/PycharmProjects/Zephyr_RTOS_Testing/Framework/Utils/zephyrproject/zephyr/TZR025/nucleo_f401re.overlay:1 (column 1): parse error: undefined node label 'tim2'
CMake Error at /home/abhishek/PycharmProjects/Zephyr_RTOS_Testing/Framework/Utils/zephyrproject/zephyr/cmake/modules/dts.cmake:303 (execute_process):
  execute_process failed command indexes:

    1: "Child return code: 1"

Call Stack (most recent call first):
  /home/abhishek/PycharmProjects/Zephyr_RTOS_Testing/Framework/Utils/zephyrproject/zephyr/cmake/modules/zephyr_default.cmake:133 (include)
  /home/abhishek/PycharmProjects/Zephyr_RTOS_Testing/Framework/Utils/zephyrproject/zephyr/share/zephyr-package/cmake/ZephyrConfig.cmake:66 (include)
  /home/abhishek/PycharmProjects/Zephyr_RTOS_Testing/Framework/Utils/zephyrproject/zephyr/share/zephyr-package/cmake/ZephyrConfig.cmake:92 (include_boilerplate)
  CMakeLists.txt:2 (find_package)


FATAL ERROR: command exited with status 1: /usr/bin/cmake -DWEST_PYTHON=/home/abhishek/PycharmProjects/Zephyr_RTOS_Testing/Framework/Utils/zephyrproject/.venv/bin/python3 -B/home/abhishek/PycharmProjects/Zephyr_RTOS_Testing/Framework/Utils/zephyrproject/build -GNinja -DBOARD=nucleo_f401re -S/home/abhishek/PycharmProjects/Zephyr_RTOS_Testing/Framework/Utils/zephyrproject/zephyr/TZR025

2025-02-26 17:52:35 - TZR025 - ERROR - Build process failed after retry.
2025-02-26 17:52:40 - TZR025 - INFO - Executing command: st-flash --connect-under-reset write build/zephyr/zephyr.bin 0x08000000
2025-02-26 17:52:40 - TZR025 - DEBUG - Command output:
st-flash 1.7.0
stlink_fwrite_flash() == -1

2025-02-26 17:52:40 - TZR025 - DEBUG - Command errors:
2025-02-26T17:52:40 INFO common.c: F4xx (Dynamic Efficency): 96 KiB SRAM, 512 KiB flash in at least 16 KiB pages.
open(build/zephyr/zephyr.bin) == -1
2025-02-26T17:52:40 ERROR common.c: map_file() == -1

2025-02-26 17:52:45 - TZR025 - INFO - [INFO] Serial port /dev/ttyACM0 configured with baud rate 115200.
2025-02-26 17:52:45 - TZR025 - INFO - [INFO] Starting serial data collection...
2025-02-26 17:52:45 - TZR025 - INFO - [INFO] Serial reading started...
2025-02-26 17:52:45 - TZR025 - INFO - Board reset status OK
2025-02-26 17:52:55 - TZR025 - INFO - [INFO] Stopping serial data collection...
2025-02-26 17:52:55 - TZR025 - INFO - [INFO] Closing serial reader.
2025-02-26 17:52:55 - TZR025 - INFO - [INFO] Data saved to: Tests/Outputs/Output_files/TZR025.txt
2025-02-26 17:52:55 - TZR025 - INFO - Reading output file: Tests/Outputs/Output_files/TZR025.txt
2025-02-26 17:52:55 - TZR025 - INFO - Output file read successfully.
2025-02-26 17:52:55 - TZR025 - INFO - High Load Task executed in 500088 cycles (Expected: 500000-501000 cycles)
2025-02-26 17:52:55 - TZR025 - INFO - Medium Load Task executed in 100088 cycles (Expected: 100000-101000 cycles)
2025-02-26 17:52:55 - TZR025 - INFO - Low Load Task executed in 50091 cycles (Expected: 50000-51000 cycles)
2025-02-26 17:52:55 - TZR025 - INFO - High Load Task executed in 500881 cycles (Expected: 500000-501000 cycles)
2025-02-26 17:52:55 - TZR025 - INFO - Medium Load Task executed in 100086 cycles (Expected: 100000-101000 cycles)
2025-02-26 17:52:55 - TZR025 - INFO - Low Load Task executed in 50086 cycles (Expected: 50000-51000 cycles)
2025-02-26 17:52:55 - TZR025 - INFO - High Load Task executed in 500881 cycles (Expected: 500000-501000 cycles)
2025-02-26 17:52:55 - TZR025 - INFO - Medium Load Task executed in 100086 cycles (Expected: 100000-101000 cycles)
2025-02-26 17:52:55 - TZR025 - INFO - Low Load Task executed in 50086 cycles (Expected: 50000-51000 cycles)
2025-02-26 17:52:55 - TZR025 - INFO - High Load Task executed in 500881 cycles (Expected: 500000-501000 cycles)
2025-02-26 17:52:55 - TZR025 - INFO - Medium Load Task executed in 100086 cycles (Expected: 100000-101000 cycles)
2025-02-26 17:52:55 - TZR025 - INFO - Low Load Task executed in 50086 cycles (Expected: 50000-51000 cycles)
2025-02-26 17:52:55 - TZR025 - INFO - High Load Task executed in 500880 cycles (Expected: 500000-501000 cycles)
2025-02-26 17:52:55 - TZR025 - INFO - Medium Load Task executed in 100086 cycles (Expected: 100000-101000 cycles)
2025-02-26 17:52:55 - TZR025 - INFO - Low Load Task executed in 50086 cycles (Expected: 50000-51000 cycles)
2025-02-26 17:52:55 - TZR025 - INFO - High Load Task executed in 500881 cycles (Expected: 500000-501000 cycles)
2025-02-26 17:52:55 - TZR025 - INFO - Medium Load Task executed in 100086 cycles (Expected: 100000-101000 cycles)
2025-02-26 17:52:55 - TZR025 - INFO - Low Load Task executed in 50086 cycles (Expected: 50000-51000 cycles)
2025-02-26 17:52:55 - TZR025 - INFO - High Load Task executed in 500881 cycles (Expected: 500000-501000 cycles)
2025-02-26 17:52:55 - TZR025 - INFO - Medium Load Task executed in 100086 cycles (Expected: 100000-101000 cycles)
2025-02-26 17:52:55 - TZR025 - INFO - Low Load Task executed in 50086 cycles (Expected: 50000-51000 cycles)
2025-02-26 17:52:55 - TZR025 - INFO - High Load Task executed in 500881 cycles (Expected: 500000-501000 cycles)
2025-02-26 17:52:55 - TZR025 - INFO - Medium Load Task executed in 100086 cycles (Expected: 100000-101000 cycles)
2025-02-26 17:52:55 - TZR025 - INFO - Low Load Task executed in 50086 cycles (Expected: 50000-51000 cycles)
2025-02-26 17:52:55 - TZR025 - INFO - High Load Task executed in 500880 cycles (Expected: 500000-501000 cycles)
2025-02-26 17:52:55 - TZR025 - INFO - Medium Load Task executed in 100086 cycles (Expected: 100000-101000 cycles)
2025-02-26 17:52:55 - TZR025 - INFO - Low Load Task executed in 50086 cycles (Expected: 50000-51000 cycles)
2025-02-26 17:52:55 - TZR025 - INFO - High Load Task executed in 500881 cycles (Expected: 500000-501000 cycles)
2025-02-26 17:52:55 - TZR025 - INFO - Medium Load Task executed in 100086 cycles (Expected: 100000-101000 cycles)
2025-02-26 17:52:55 - TZR025 - INFO - Low Load Task executed in 50086 cycles (Expected: 50000-51000 cycles)
2025-02-26 17:52:55 - TZR025 - INFO - High Load Task executed in 500881 cycles (Expected: 500000-501000 cycles)
2025-02-26 17:52:55 - TZR025 - INFO - Medium Load Task executed in 100086 cycles (Expected: 100000-101000 cycles)
2025-02-26 17:52:55 - TZR025 - INFO - Low Load Task executed in 50086 cycles (Expected: 50000-51000 cycles)
2025-02-26 17:52:55 - TZR025 - INFO - High Load Task executed in 500881 cycles (Expected: 500000-501000 cycles)
2025-02-26 17:52:55 - TZR025 - INFO - Medium Load Task executed in 100086 cycles (Expected: 100000-101000 cycles)
2025-02-26 17:52:55 - TZR025 - INFO - Low Load Task executed in 50086 cycles (Expected: 50000-51000 cycles)
2025-02-26 17:52:55 - TZR025 - INFO - High Load Task executed in 500880 cycles (Expected: 500000-501000 cycles)
2025-02-26 17:52:55 - TZR025 - INFO - Medium Load Task executed in 100086 cycles (Expected: 100000-101000 cycles)
2025-02-26 17:52:55 - TZR025 - INFO - Low Load Task executed in 50086 cycles (Expected: 50000-51000 cycles)
2025-02-26 17:52:55 - TZR025 - INFO - High Load Task executed in 500881 cycles (Expected: 500000-501000 cycles)
2025-02-26 17:52:55 - TZR025 - INFO - Medium Load Task executed in 100086 cycles (Expected: 100000-101000 cycles)
2025-02-26 17:52:55 - TZR025 - INFO - Low Load Task executed in 50086 cycles (Expected: 50000-51000 cycles)
2025-02-26 17:52:55 - TZR025 - INFO - High Load Task executed in 500881 cycles (Expected: 500000-501000 cycles)
2025-02-26 17:52:55 - TZR025 - INFO - Medium Load Task executed in 100086 cycles (Expected: 100000-101000 cycles)
2025-02-26 17:52:55 - TZR025 - INFO - Low Load Task executed in 50086 cycles (Expected: 50000-51000 cycles)
2025-02-26 17:52:55 - TZR025 - INFO - High Load Task executed in 500881 cycles (Expected: 500000-501000 cycles)
2025-02-26 17:52:55 - TZR025 - INFO - Medium Load Task executed in 100086 cycles (Expected: 100000-101000 cycles)
2025-02-26 17:52:55 - TZR025 - INFO - Low Load Task executed in 50086 cycles (Expected: 50000-51000 cycles)
2025-02-26 17:52:55 - TZR025 - INFO - High Load Task executed in 500880 cycles (Expected: 500000-501000 cycles)
2025-02-26 17:52:55 - TZR025 - INFO - Medium Load Task executed in 100086 cycles (Expected: 100000-101000 cycles)
2025-02-26 17:52:55 - TZR025 - INFO - Low Load Task executed in 50086 cycles (Expected: 50000-51000 cycles)
2025-02-26 17:52:55 - TZR025 - INFO - High Load Task executed in 500881 cycles (Expected: 500000-501000 cycles)
2025-02-26 17:52:55 - TZR025 - INFO - Medium Load Task executed in 100086 cycles (Expected: 100000-101000 cycles)
2025-02-26 17:52:55 - TZR025 - INFO - Low Load Task executed in 50086 cycles (Expected: 50000-51000 cycles)
2025-02-26 17:52:55 - TZR025 - INFO - High Load Task executed in 500881 cycles (Expected: 500000-501000 cycles)
2025-02-26 17:52:55 - TZR025 - INFO - Medium Load Task executed in 100086 cycles (Expected: 100000-101000 cycles)
2025-02-26 17:52:55 - TZR025 - INFO - Low Load Task executed in 50086 cycles (Expected: 50000-51000 cycles)
2025-02-26 17:52:55 - TZR025 - INFO - High Load Task executed in 500881 cycles (Expected: 500000-501000 cycles)
2025-02-26 17:52:55 - TZR025 - INFO - Medium Load Task executed in 100086 cycles (Expected: 100000-101000 cycles)
2025-02-26 17:52:55 - TZR025 - INFO - Low Load Task executed in 50086 cycles (Expected: 50000-51000 cycles)
2025-02-26 17:52:55 - TZR025 - INFO - Cleaning up for TZR025
